0 verbose cli [
0 verbose cli   '/data/data/com.termux/files/usr/bin/node',
0 verbose cli   '/data/data/com.termux/files/usr/bin/npm',
0 verbose cli   'run',
0 verbose cli   'deploy'
0 verbose cli ]
1 info using npm@8.5.0
2 info using node@v16.14.2
3 timing npm:load:whichnode Completed in 2ms
4 timing config:load:defaults Completed in 10ms
5 timing config:load:file:/data/data/com.termux/files/usr/lib/node_modules/npm/npmrc Completed in 7ms
6 timing config:load:builtin Completed in 8ms
7 timing config:load:cli Completed in 8ms
8 timing config:load:env Completed in 3ms
9 timing config:load:project Completed in 65ms
10 timing config:load:file:/data/data/com.termux/files/home/.npmrc Completed in 8ms
11 timing config:load:user Completed in 9ms
12 timing config:load:file:/data/data/com.termux/files/usr/etc/npmrc Completed in 1ms
13 timing config:load:global Completed in 3ms
14 timing config:load:validate Completed in 3ms
15 timing config:load:credentials Completed in 8ms
16 timing config:load:setEnvs Completed in 6ms
17 timing config:load Completed in 131ms
18 timing npm:load:configload Completed in 133ms
19 timing npm:load:setTitle Completed in 3ms
20 timing config:load:flatten Completed in 18ms
21 timing npm:load:display Completed in 30ms
22 verbose logfile /data/data/com.termux/files/home/.npm/_logs/2022-04-28T13_40_09_430Z-debug-0.log
23 timing npm:load:logFile Completed in 33ms
24 timing npm:load:timers Completed in 1ms
25 timing npm:load:configScope Completed in 0ms
26 timing npm:load Completed in 206ms
27 silly logfile start cleaning logs, removing 1 files
28 timing command:run Completed in 36ms
29 verbose stack Error: Missing script: "deploy"
29 verbose stack
29 verbose stack To see a list of scripts, run:
29 verbose stack   npm run
29 verbose stack     at RunScript.run (/data/data/com.termux/files/usr/lib/node_modules/npm/lib/commands/run-script.js:95:13)
29 verbose stack     at async module.exports (/data/data/com.termux/files/usr/lib/node_modules/npm/lib/cli.js:66:5)
30 verbose cwd /data/data/com.termux/files/home
31 verbose Linux 4.9.190+
32 verbose argv "/data/data/com.termux/files/usr/bin/node" "/data/data/com.termux/files/usr/bin/npm" "run" "deploy"
33 verbose node v16.14.2
34 verbose npm  v8.5.0
35 error Missing script: "deploy"
35 error
35 error To see a list of scripts, run:
35 error   npm run
36 verbose exit 1
37 timing npm Completed in 1212ms
38 verbose code 1
39 error A complete log of this run can be found in:
39 error     /data/data/com.termux/files/home/.npm/_logs/2022-04-28T13_40_09_430Z-debug-0.log
