0 verbose cli [
0 verbose cli   '/data/data/com.termux/files/usr/bin/node',
0 verbose cli   '/data/data/com.termux/files/usr/bin/npm',
0 verbose cli   'run',
0 verbose cli   'build'
0 verbose cli ]
1 info using npm@8.5.0
2 info using node@v16.14.2
3 timing npm:load:whichnode Completed in 1ms
4 timing config:load:defaults Completed in 11ms
5 timing config:load:file:/data/data/com.termux/files/usr/lib/node_modules/npm/npmrc Completed in 5ms
6 timing config:load:builtin Completed in 7ms
7 timing config:load:cli Completed in 8ms
8 timing config:load:env Completed in 5ms
9 timing config:load:file:/data/data/com.termux/files/home/cv/.npmrc Completed in 1ms
10 timing config:load:project Completed in 42ms
11 timing config:load:file:/data/data/com.termux/files/home/.npmrc Completed in 5ms
12 timing config:load:user Completed in 8ms
13 timing config:load:file:/data/data/com.termux/files/usr/etc/npmrc Completed in 1ms
14 timing config:load:global Completed in 2ms
15 timing config:load:validate Completed in 5ms
16 timing config:load:credentials Completed in 7ms
17 timing config:load:setEnvs Completed in 6ms
18 timing config:load Completed in 108ms
19 timing npm:load:configload Completed in 108ms
20 timing npm:load:setTitle Completed in 4ms
21 timing config:load:flatten Completed in 17ms
22 timing npm:load:display Completed in 29ms
23 verbose logfile /data/data/com.termux/files/home/.npm/_logs/2022-04-28T11_23_27_310Z-debug-0.log
24 timing npm:load:logFile Completed in 32ms
25 timing npm:load:timers Completed in 0ms
26 timing npm:load:configScope Completed in 0ms
27 timing npm:load Completed in 180ms
28 silly logfile start cleaning logs, removing 1 files
29 timing command:run Completed in 82733ms
30 verbose exit 0
31 timing npm Completed in 83897ms
32 info ok
